<?xml version="1.0" encoding="UTF-8"?>
<!-- Generated by org.testng.reporters.JUnitReportReporter -->
<testsuite hostname="users-MacBook-Pro.local" failures="0" tests="1" name="Appium_Dandytech.AppiumTest.IOSLongPress" time="10.344" errors="0" timestamp="2024-07-13T11:03:14 WAT" skipped="0">
  <testcase classname="Appium_Dandytech.AppiumTest.IOSLongPress" name="IOSLongPressTest" time="10.344"/>
</testsuite> <!-- Appium_Dandytech.AppiumTest.IOSLongPress -->
