<?xml version="1.0" encoding="UTF-8"?>
<!-- Generated by org.testng.reporters.JUnitReportReporter -->
<testsuite hostname="users-MacBook-Pro.local" failures="0" tests="1" name="Appium_Dandytech.AppiumTest.DragDropDemo" time="10.261" errors="0" timestamp="2024-06-29T12:02:32 WAT" skipped="0">
  <testcase classname="Appium_Dandytech.AppiumTest.DragDropDemo" name="swipeGesture" time="10.261"/>
</testsuite> <!-- Appium_Dandytech.AppiumTest.DragDropDemo -->
