<?xml version="1.0" encoding="UTF-8"?>
<!-- Generated by org.testng.reporters.JUnitReportReporter -->
<testsuite hostname="users-MacBook-Pro.local" failures="0" tests="1" name="Appium_Dandytech.AppiumTest.IOSScrollGestureDemo" time="9.716" errors="0" timestamp="2024-07-13T11:53:15 WAT" skipped="0">
  <testcase classname="Appium_Dandytech.AppiumTest.IOSScrollGestureDemo" name="scrollGesture" time="9.716"/>
</testsuite> <!-- Appium_Dandytech.AppiumTest.IOSScrollGestureDemo -->
