<?xml version="1.0" encoding="UTF-8"?>
<!-- Generated by org.testng.reporters.JUnitReportReporter -->
<testsuite hostname="users-MacBook-Pro.local" failures="0" tests="1" name="Appium_Dandytech.AppiumTest.eCommerce_tc_1" time="16.705" errors="0" timestamp="2024-06-30T14:18:48 WAT" skipped="0">
  <testcase classname="Appium_Dandytech.AppiumTest.eCommerce_tc_1" name="FillForm" time="16.705"/>
</testsuite> <!-- Appium_Dandytech.AppiumTest.eCommerce_tc_1 -->
