<?xml version="1.0" encoding="UTF-8"?>
<!-- Generated by org.testng.reporters.JUnitReportReporter -->
<testsuite hostname="users-MacBook-Pro.local" failures="0" tests="1" name="Appium_Dandytech.AppiumTest.eCommerce_tc_2" time="27.024" errors="0" timestamp="2024-06-30T15:33:19 WAT" skipped="0">
  <testcase classname="Appium_Dandytech.AppiumTest.eCommerce_tc_2" name="FillForm" time="27.024"/>
</testsuite> <!-- Appium_Dandytech.AppiumTest.eCommerce_tc_2 -->
