<?xml version="1.0" encoding="UTF-8"?>
<!-- Generated by org.testng.reporters.JUnitReportReporter -->
<testsuite hostname="users-MacBook-Pro.local" failures="0" tests="1" name="Appium_Dandytech.AppiumTest.ScrollGestureDemo" time="14.686" errors="0" timestamp="2024-06-26T09:20:20 WAT" skipped="0">
  <testcase classname="Appium_Dandytech.AppiumTest.ScrollGestureDemo" name="scrollGesture" time="14.686"/>
</testsuite> <!-- Appium_Dandytech.AppiumTest.ScrollGestureDemo -->
