<?xml version="1.0" encoding="UTF-8"?>
<!-- Generated by org.testng.reporters.JUnitReportReporter -->
<testsuite hostname="users-MacBook-Pro.local" failures="0" tests="1" name="Appium_Dandytech.AppiumTest.IOSSlider" time="6.697" errors="0" timestamp="2024-07-13T12:41:58 WAT" skipped="0">
  <testcase classname="Appium_Dandytech.AppiumTest.IOSSlider" name="slideGesture" time="6.697"/>
</testsuite> <!-- Appium_Dandytech.AppiumTest.IOSSlider -->
