<?xml version="1.0" encoding="UTF-8"?>
<!-- Generated by org.testng.reporters.JUnitReportReporter -->
<testsuite hostname="users-MacBook-Pro.local" failures="0" tests="1" name="Appium_Dandytech.AppiumTest.SwipeGestureDemo" time="9.484" errors="0" timestamp="2024-06-29T11:10:43 WAT" skipped="0">
  <testcase classname="Appium_Dandytech.AppiumTest.SwipeGestureDemo" name="swipeGesture" time="9.484"/>
</testsuite> <!-- Appium_Dandytech.AppiumTest.SwipeGestureDemo -->
