<?xml version="1.0" encoding="UTF-8"?>
<!-- Generated by org.testng.reporters.JUnitReportReporter -->
<testsuite hostname="users-MacBook-Pro.local" failures="0" tests="1" name="Appium_Dandytech.AppiumTest.E_Commerce_tc_4_Hybrid" time="48.070" errors="0" timestamp="2024-07-16T18:43:33 WAT" skipped="0">
  <testcase classname="Appium_Dandytech.AppiumTest.E_Commerce_tc_4_Hybrid" name="FillForm" time="48.070"/>
</testsuite> <!-- Appium_Dandytech.AppiumTest.E_Commerce_tc_4_Hybrid -->
